  '\\bournemouth.ac.uk\data\student\home\SciTech\s4922815\Desktop\RayTracer_JasmineBennett_s4922815\build'
  CMD.EXE was started with the above path as the current directory.
  UNC paths are not supported.  Defaulting to Windows directory.
  Building Custom Rule //bournemouth.ac.uk/data/Student/Home/SciTech/s4922815/Desktop/RayTracer_JasmineBennett_s4922815/CMakeLists.txt
  CMake does not need to re-run because //bournemouth.ac.uk/data/Student/Home/SciTech/s4922815/Desktop/RayTracer_JasmineBennett_s4922815/build/CMakeFiles/generate.stamp is up-to-date.
  Camera.cpp
\\bournemouth.ac.uk\data\student\home\scitech\s4922815\desktop\raytracer_jasminebennett_s4922815\source\tracer\camera.cpp(53): warning C4244: '=': conversion from 'T' to 'T', possible loss of data
          with
          [
              T=int
          ]
          and
          [
              T=float
          ]
\\bournemouth.ac.uk\data\student\home\scitech\s4922815\desktop\raytracer_jasminebennett_s4922815\source\tracer\camera.cpp(54): warning C4244: '=': conversion from 'T' to 'T', possible loss of data
          with
          [
              T=int
          ]
          and
          [
              T=float
          ]
  Geometry.cpp
  Ray.cpp
  Tracer.cpp
  Sphere.cpp
  Generating Code...
  tracer.vcxproj -> \\bournemouth.ac.uk\data\Student\Home\SciTech\s4922815\Desktop\RayTracer_JasmineBennett_s4922815\build\Debug\tracer.lib
